Arguments:
batch_size: 256
valid_ratio: 0.5
augmentations: True
pretrained: True
num_epochs: 30
train_strats: ['standard']
visualise: False
epsilon_fgsm: 0.031
alpha_fgsm: 0.5
epsilon_pgd: 0.031
alpha_pgd: 0.0078
num_iter_pgd: 10
save_dir: /home/adeliev/uvadlc_practicals_2025/assignment3/part2/logs/pretrained_std
test_crossover_defense: True
Device: cuda
training_strategy: standard
Loading model
Downloading: "https://download.pytorch.org/models/resnet18-f37072fd.pth" to /scratch-local/adeliev.17579418/17579418/torch_cache/hub/checkpoints/resnet18-f37072fd.pth
  0%|          | 0.00/44.7M [00:00<?, ?B/s] 83%|████████▎ | 37.1M/44.7M [00:00<00:00, 389MB/s]100%|██████████| 44.7M/44.7M [00:00<00:00, 407MB/s]
Loading data
Training model
Epoch 0/29
----------
train Loss: 1.6884 Acc: 0.4015
val Loss: 1.3000 Acc: 0.5172
Epoch 1/29
----------
train Loss: 1.2013 Acc: 0.5709
val Loss: 1.0761 Acc: 0.5879
Epoch 2/29
----------
train Loss: 1.0400 Acc: 0.6294
val Loss: 0.9653 Acc: 0.6340
Epoch 3/29
----------
train Loss: 0.9475 Acc: 0.6627
val Loss: 0.8891 Acc: 0.6682
Epoch 4/29
----------
train Loss: 0.8818 Acc: 0.6866
val Loss: 0.8380 Acc: 0.6906
Epoch 5/29
----------
train Loss: 0.8340 Acc: 0.7034
val Loss: 0.7968 Acc: 0.7020
Epoch 6/29
----------
train Loss: 0.7908 Acc: 0.7182
val Loss: 0.7591 Acc: 0.7145
Epoch 7/29
----------
train Loss: 0.7661 Acc: 0.7301
val Loss: 0.7588 Acc: 0.7164
Epoch 8/29
----------
train Loss: 0.7594 Acc: 0.7306
val Loss: 0.7533 Acc: 0.7197
Epoch 9/29
----------
train Loss: 0.7549 Acc: 0.7320
val Loss: 0.7503 Acc: 0.7213
Epoch 10/29
----------
train Loss: 0.7558 Acc: 0.7323
val Loss: 0.7478 Acc: 0.7197
Epoch 11/29
----------
train Loss: 0.7445 Acc: 0.7344
val Loss: 0.7455 Acc: 0.7207
Epoch 12/29
----------
train Loss: 0.7410 Acc: 0.7359
val Loss: 0.7400 Acc: 0.7268
Epoch 13/29
----------
train Loss: 0.7370 Acc: 0.7373
val Loss: 0.7374 Acc: 0.7258
Epoch 14/29
----------
train Loss: 0.7334 Acc: 0.7406
val Loss: 0.7403 Acc: 0.7223
Epoch 15/29
----------
train Loss: 0.7335 Acc: 0.7401
val Loss: 0.7393 Acc: 0.7260
Epoch 16/29
----------
train Loss: 0.7324 Acc: 0.7389
val Loss: 0.7409 Acc: 0.7238
Epoch 17/29
----------
train Loss: 0.7417 Acc: 0.7374
val Loss: 0.7418 Acc: 0.7242
Epoch 18/29
----------
train Loss: 0.7341 Acc: 0.7384
val Loss: 0.7379 Acc: 0.7264
Epoch 19/29
----------
train Loss: 0.7358 Acc: 0.7381
val Loss: 0.7373 Acc: 0.7229
Epoch 20/29
----------
train Loss: 0.7346 Acc: 0.7393
val Loss: 0.7353 Acc: 0.7246
Epoch 21/29
----------
train Loss: 0.7333 Acc: 0.7389
val Loss: 0.7375 Acc: 0.7271
Epoch 22/29
----------
train Loss: 0.7384 Acc: 0.7372
val Loss: 0.7388 Acc: 0.7266
Epoch 23/29
----------
train Loss: 0.7357 Acc: 0.7398
val Loss: 0.7406 Acc: 0.7248
Epoch 24/29
----------
train Loss: 0.7317 Acc: 0.7386
val Loss: 0.7403 Acc: 0.7258
Epoch 25/29
----------
train Loss: 0.7326 Acc: 0.7400
val Loss: 0.7349 Acc: 0.7270
Epoch 26/29
----------
train Loss: 0.7346 Acc: 0.7397
val Loss: 0.7385 Acc: 0.7260
Epoch 27/29
----------
train Loss: 0.7328 Acc: 0.7395
val Loss: 0.7360 Acc: 0.7254
Epoch 28/29
----------
train Loss: 0.7317 Acc: 0.7399
val Loss: 0.7371 Acc: 0.7264
Epoch 29/29
----------
train Loss: 0.7330 Acc: 0.7382
val Loss: 0.7374 Acc: 0.7246
Training complete in 3m 54s
Best val Acc: 0.727148
Testing model
Accuracy of the network on the test set: 73 %
Testing adversarial attacks
Attack fgsm, args: {'alpha': 0.5, 'epsilon': 0.031}
Test Accuracy = 1719 / 5000 = 0.3438
Attack pgd, args: {'alpha': 0.0078, 'epsilon': 0.031, 'num_iter': 10}
Test Accuracy = 764 / 5000 = 0.1528
