  0%|          | 0.00/9.91M [00:00<?, ?B/s]  1%|          | 65.5k/9.91M [00:00<00:27, 364kB/s]  3%|▎         | 328k/9.91M [00:00<00:09, 995kB/s]  14%|█▍        | 1.41M/9.91M [00:00<00:02, 3.24MB/s] 58%|█████▊    | 5.70M/9.91M [00:00<00:00, 11.2MB/s]100%|██████████| 9.91M/9.91M [00:00<00:00, 12.0MB/s]
  0%|          | 0.00/28.9k [00:00<?, ?B/s]100%|██████████| 28.9k/28.9k [00:00<00:00, 315kB/s]
  0%|          | 0.00/1.65M [00:00<?, ?B/s]  4%|▍         | 65.5k/1.65M [00:00<00:04, 360kB/s] 20%|█▉        | 328k/1.65M [00:00<00:01, 994kB/s]  83%|████████▎ | 1.38M/1.65M [00:00<00:00, 3.61MB/s]100%|██████████| 1.65M/1.65M [00:00<00:00, 3.01MB/s]
  0%|          | 0.00/4.54k [00:00<?, ?B/s]100%|██████████| 4.54k/4.54k [00:00<00:00, 33.9MB/s]
/home/adeliev/.local/lib/python3.12/site-packages/lightning_fabric/plugins/environments/slurm.py:204: The `srun` command is available on your system but is not used. HINT: If your intention is to run Lightning on SLURM, prepend your python command with `srun` like so: srun python assignment3/part1/train_pl.py --data_dir=/scratch-lo ...
GPU available: True (cuda), used: True
TPU available: False, using: 0 TPU cores
[rank: 0] Seed set to 42
You are using a CUDA device ('NVIDIA A100-SXM4-40GB') that has Tensor Cores. To properly utilize them, you should set `torch.set_float32_matmul_precision('medium' | 'high')` which will trade-off precision for performance. For more details, read https://pytorch.org/docs/stable/generated/torch.set_float32_matmul_precision.html#torch.set_float32_matmul_precision
LOCAL_RANK: 0 - CUDA_VISIBLE_DEVICES: [0]

  | Name    | Type       | Params | Mode  | FLOPs
-------------------------------------------------------
0 | encoder | CNNEncoder | 142 K  | train | 0    
1 | decoder | CNNDecoder | 127 K  | train | 0    
-------------------------------------------------------
270 K     Trainable params
0         Non-trainable params
270 K     Total params
1.082     Total estimated model params size (MB)
29        Modules in train mode
0         Modules in eval mode
0         Total Flops
[INFO] The progress bar has been suppressed. For updates on the training progress, check the TensorBoard file at /home/adeliev/uvadlc_practicals_2025/assignment3/part1/logs/z20/lightning_logs/version_17332646. If you want to see the progress bar, use the argparse option "progress_bar".

`Trainer.fit` stopped: `max_epochs=80` reached.
LOCAL_RANK: 0 - CUDA_VISIBLE_DEVICES: [0]
────────────────────────────────────────────────────────────────────────────────────────────────────────────────────────
       Test metric             DataLoader 0
────────────────────────────────────────────────────────────────────────────────────────────────────────────────────────
        test_bpd            0.5362319350242615
────────────────────────────────────────────────────────────────────────────────────────────────────────────────────────
